#
# There is insufficient memory for the Java Runtime Environment to continue.
# Native memory allocation (mmap) failed to map 357957632 bytes for committing reserved memory.
# Possible reasons:
#   The system is out of physical RAM or swap space
#   The process is running with CompressedOops enabled, and the Java Heap may be blocking the growth of the native heap
# Possible solutions:
#   Reduce memory load on the system
#   Increase physical memory or swap space
#   Check if swap backing store is full
#   Decrease Java heap size (-Xmx/-Xms)
#   Decrease number of Java threads
#   Decrease Java thread stack sizes (-Xss)
#   Set larger code cache with -XX:ReservedCodeCacheSize=
# This output file may be truncated or incomplete.
#
#  Out of Memory Error (os_linux.cpp:2757), pid=12053, tid=0x00007f1f9b3c7700
#
# JRE version:  (8.0_222-b10) (build )
# Java VM: OpenJDK 64-Bit Server VM (25.222-b10 mixed mode linux-amd64 compressed oops)
# Failed to write core dump. Core dumps have been disabled. To enable core dumping, try "ulimit -c unlimited" before starting Java again
#

---------------  T H R E A D  ---------------

Current thread (0x00007f1f9400b000):  JavaThread "Unknown thread" [_thread_in_vm, id=12055, stack(0x00007f1f9b2c8000,0x00007f1f9b3c8000)]

Stack: [0x00007f1f9b2c8000,0x00007f1f9b3c8000],  sp=0x00007f1f9b3c64c0,  free space=1017k
Native frames: (J=compiled Java code, j=interpreted, Vv=VM code, C=native code)
V  [libjvm.so+0xab8992]
V  [libjvm.so+0x4dbfd7]
V  [libjvm.so+0x8f33a0]
V  [libjvm.so+0x8ea46e]
V  [libjvm.so+0xab4bdc]
V  [libjvm.so+0x5e4956]
V  [libjvm.so+0xa5120a]
V  [libjvm.so+0x5e5d5d]
V  [libjvm.so+0x5d016f]
V  [libjvm.so+0xa7ad9a]
V  [libjvm.so+0xa7b095]
V  [libjvm.so+0x62903f]
V  [libjvm.so+0xa5ea63]
V  [libjvm.so+0x6ac371]  JNI_CreateJavaVM+0x61
C  [libjli.so+0x2c64]
C  [libjli.so+0x773d]
C  [libpthread.so.0+0x76db]  start_thread+0xdb


---------------  P R O C E S S  ---------------

Java Threads: ( => current thread )

Other Threads:

=>0x00007f1f9400b000 (exited) JavaThread "Unknown thread" [_thread_in_vm, id=12055, stack(0x00007f1f9b2c8000,0x00007f1f9b3c8000)]

VM state:not at safepoint (not fully initialized)

VM Mutex/Monitor currently owned by a thread: None

heap address: 0x00000000c0000000, size: 1024 MB, Compressed Oops mode: Non-zero based:0x00000000bffff000
Narrow klass base: 0x0000000000000000, Narrow klass shift: 0

GC Heap History (0 events):
No events

Deoptimization events (0 events):
No events

Classes redefined (0 events):
No events

Internal exceptions (0 events):
No events

Events (0 events):
No events


Dynamic libraries:
c0000000-caaa0000 rw-p 00000000 00:00 0 
caaa0000-d5550000 ---p 00000000 00:00 0 
eaab0000-100000000 ---p 00000000 00:00 0 
55d2a9c4d000-55d2a9c4e000 r-xp 00000000 fc:01 272789                     /usr/lib/jvm/java-8-openjdk-amd64/jre/bin/java
55d2a9e4d000-55d2a9e4e000 r--p 00000000 fc:01 272789                     /usr/lib/jvm/java-8-openjdk-amd64/jre/bin/java
55d2a9e4e000-55d2a9e4f000 rw-p 00001000 fc:01 272789                     /usr/lib/jvm/java-8-openjdk-amd64/jre/bin/java
55d2ab811000-55d2ab832000 rw-p 00000000 00:00 0                          [heap]
7f1f84624000-7f1f8467a000 rw-p 00000000 00:00 0 
7f1f8467a000-7f1f84824000 ---p 00000000 00:00 0 
7f1f84824000-7f1f8482f000 rw-p 00000000 00:00 0 
7f1f8482f000-7f1f84be5000 ---p 00000000 00:00 0 
7f1f84be5000-7f1f84e55000 rwxp 00000000 00:00 0 
7f1f84e55000-7f1f93be5000 ---p 00000000 00:00 0 
7f1f93be5000-7f1f93bed000 r-xp 00000000 fc:01 272835                     /usr/lib/jvm/java-8-openjdk-amd64/jre/lib/amd64/libzip.so
7f1f93bed000-7f1f93dec000 ---p 00008000 fc:01 272835                     /usr/lib/jvm/java-8-openjdk-amd64/jre/lib/amd64/libzip.so
7f1f93dec000-7f1f93ded000 r--p 00007000 fc:01 272835                     /usr/lib/jvm/java-8-openjdk-amd64/jre/lib/amd64/libzip.so
7f1f93ded000-7f1f93dee000 rw-p 00008000 fc:01 272835                     /usr/lib/jvm/java-8-openjdk-amd64/jre/lib/amd64/libzip.so
7f1f93dee000-7f1f93df9000 r-xp 00000000 fc:01 2093                       /lib/x86_64-linux-gnu/libnss_files-2.27.so
7f1f93df9000-7f1f93ff8000 ---p 0000b000 fc:01 2093                       /lib/x86_64-linux-gnu/libnss_files-2.27.so
7f1f93ff8000-7f1f93ff9000 r--p 0000a000 fc:01 2093                       /lib/x86_64-linux-gnu/libnss_files-2.27.so
7f1f93ff9000-7f1f93ffa000 rw-p 0000b000 fc:01 2093                       /lib/x86_64-linux-gnu/libnss_files-2.27.so
7f1f93ffa000-7f1f94000000 rw-p 00000000 00:00 0 
7f1f94000000-7f1f94034000 rw-p 00000000 00:00 0 
7f1f94034000-7f1f98000000 ---p 00000000 00:00 0 
7f1f9802c000-7f1f98043000 r-xp 00000000 fc:01 2090                       /lib/x86_64-linux-gnu/libnsl-2.27.so
7f1f98043000-7f1f98242000 ---p 00017000 fc:01 2090                       /lib/x86_64-linux-gnu/libnsl-2.27.so
7f1f98242000-7f1f98243000 r--p 00016000 fc:01 2090                       /lib/x86_64-linux-gnu/libnsl-2.27.so
7f1f98243000-7f1f98244000 rw-p 00017000 fc:01 2090                       /lib/x86_64-linux-gnu/libnsl-2.27.so
7f1f98244000-7f1f98246000 rw-p 00000000 00:00 0 
7f1f98246000-7f1f98251000 r-xp 00000000 fc:01 2095                       /lib/x86_64-linux-gnu/libnss_nis-2.27.so
7f1f98251000-7f1f98450000 ---p 0000b000 fc:01 2095                       /lib/x86_64-linux-gnu/libnss_nis-2.27.so
7f1f98450000-7f1f98451000 r--p 0000a000 fc:01 2095                       /lib/x86_64-linux-gnu/libnss_nis-2.27.so
7f1f98451000-7f1f98452000 rw-p 0000b000 fc:01 2095                       /lib/x86_64-linux-gnu/libnss_nis-2.27.so
7f1f98452000-7f1f9845a000 r-xp 00000000 fc:01 2091                       /lib/x86_64-linux-gnu/libnss_compat-2.27.so
7f1f9845a000-7f1f9865a000 ---p 00008000 fc:01 2091                       /lib/x86_64-linux-gnu/libnss_compat-2.27.so
7f1f9865a000-7f1f9865b000 r--p 00008000 fc:01 2091                       /lib/x86_64-linux-gnu/libnss_compat-2.27.so
7f1f9865b000-7f1f9865c000 rw-p 00009000 fc:01 2091                       /lib/x86_64-linux-gnu/libnss_compat-2.27.so
7f1f9865c000-7f1f98686000 r-xp 00000000 fc:01 272816                     /usr/lib/jvm/java-8-openjdk-amd64/jre/lib/amd64/libjava.so
7f1f98686000-7f1f98885000 ---p 0002a000 fc:01 272816                     /usr/lib/jvm/java-8-openjdk-amd64/jre/lib/amd64/libjava.so
7f1f98885000-7f1f98886000 r--p 00029000 fc:01 272816                     /usr/lib/jvm/java-8-openjdk-amd64/jre/lib/amd64/libjava.so
7f1f98886000-7f1f98888000 rw-p 0002a000 fc:01 272816                     /usr/lib/jvm/java-8-openjdk-amd64/jre/lib/amd64/libjava.so
7f1f98888000-7f1f98898000 r-xp 00000000 fc:01 272834                     /usr/lib/jvm/java-8-openjdk-amd64/jre/lib/amd64/libverify.so
7f1f98898000-7f1f98a97000 ---p 00010000 fc:01 272834                     /usr/lib/jvm/java-8-openjdk-amd64/jre/lib/amd64/libverify.so
7f1f98a97000-7f1f98a99000 r--p 0000f000 fc:01 272834                     /usr/lib/jvm/java-8-openjdk-amd64/jre/lib/amd64/libverify.so
7f1f98a99000-7f1f98a9a000 rw-p 00011000 fc:01 272834                     /usr/lib/jvm/java-8-openjdk-amd64/jre/lib/amd64/libverify.so
7f1f98a9a000-7f1f98aa1000 r-xp 00000000 fc:01 2180                       /lib/x86_64-linux-gnu/librt-2.27.so
7f1f98aa1000-7f1f98ca0000 ---p 00007000 fc:01 2180                       /lib/x86_64-linux-gnu/librt-2.27.so
7f1f98ca0000-7f1f98ca1000 r--p 00006000 fc:01 2180                       /lib/x86_64-linux-gnu/librt-2.27.so
7f1f98ca1000-7f1f98ca2000 rw-p 00007000 fc:01 2180                       /lib/x86_64-linux-gnu/librt-2.27.so
7f1f98ca2000-7f1f98cb9000 r-xp 00000000 fc:01 2096                       /lib/x86_64-linux-gnu/libgcc_s.so.1
7f1f98cb9000-7f1f98eb8000 ---p 00017000 fc:01 2096                       /lib/x86_64-linux-gnu/libgcc_s.so.1
7f1f98eb8000-7f1f98eb9000 r--p 00016000 fc:01 2096                       /lib/x86_64-linux-gnu/libgcc_s.so.1
7f1f98eb9000-7f1f98eba000 rw-p 00017000 fc:01 2096                       /lib/x86_64-linux-gnu/libgcc_s.so.1
7f1f98eba000-7f1f99057000 r-xp 00000000 fc:01 2087                       /lib/x86_64-linux-gnu/libm-2.27.so
7f1f99057000-7f1f99256000 ---p 0019d000 fc:01 2087                       /lib/x86_64-linux-gnu/libm-2.27.so
7f1f99256000-7f1f99257000 r--p 0019c000 fc:01 2087                       /lib/x86_64-linux-gnu/libm-2.27.so
7f1f99257000-7f1f99258000 rw-p 0019d000 fc:01 2087                       /lib/x86_64-linux-gnu/libm-2.27.so
7f1f99258000-7f1f993d1000 r-xp 00000000 fc:01 5017                       /usr/lib/x86_64-linux-gnu/libstdc++.so.6.0.25
7f1f993d1000-7f1f995d1000 ---p 00179000 fc:01 5017                       /usr/lib/x86_64-linux-gnu/libstdc++.so.6.0.25
7f1f995d1000-7f1f995db000 r--p 00179000 fc:01 5017                       /usr/lib/x86_64-linux-gnu/libstdc++.so.6.0.25
7f1f995db000-7f1f995dd000 rw-p 00183000 fc:01 5017                       /usr/lib/x86_64-linux-gnu/libstdc++.so.6.0.25
7f1f995dd000-7f1f995e1000 rw-p 00000000 00:00 0 
7f1f995e1000-7f1f9a280000 r-xp 00000000 fc:01 272838                     /usr/lib/jvm/java-8-openjdk-amd64/jre/lib/amd64/server/libjvm.so
7f1f9a280000-7f1f9a480000 ---p 00c9f000 fc:01 272838                     /usr/lib/jvm/java-8-openjdk-amd64/jre/lib/amd64/server/libjvm.so
7f1f9a480000-7f1f9a514000 r--p 00c9f000 fc:01 272838                     /usr/lib/jvm/java-8-openjdk-amd64/jre/lib/amd64/server/libjvm.so
7f1f9a514000-7f1f9a53d000 rw-p 00d33000 fc:01 272838                     /usr/lib/jvm/java-8-openjdk-amd64/jre/lib/amd64/server/libjvm.so
7f1f9a53d000-7f1f9a56d000 rw-p 00000000 00:00 0 
7f1f9a56d000-7f1f9a587000 r-xp 00000000 fc:01 2178                       /lib/x86_64-linux-gnu/libpthread-2.27.so
7f1f9a587000-7f1f9a786000 ---p 0001a000 fc:01 2178                       /lib/x86_64-linux-gnu/libpthread-2.27.so
7f1f9a786000-7f1f9a787000 r--p 00019000 fc:01 2178                       /lib/x86_64-linux-gnu/libpthread-2.27.so
7f1f9a787000-7f1f9a788000 rw-p 0001a000 fc:01 2178                       /lib/x86_64-linux-gnu/libpthread-2.27.so
7f1f9a788000-7f1f9a78c000 rw-p 00000000 00:00 0 
7f1f9a78c000-7f1f9a78f000 r-xp 00000000 fc:01 2086                       /lib/x86_64-linux-gnu/libdl-2.27.so
7f1f9a78f000-7f1f9a98e000 ---p 00003000 fc:01 2086                       /lib/x86_64-linux-gnu/libdl-2.27.so
7f1f9a98e000-7f1f9a98f000 r--p 00002000 fc:01 2086                       /lib/x86_64-linux-gnu/libdl-2.27.so
7f1f9a98f000-7f1f9a990000 rw-p 00003000 fc:01 2086                       /lib/x86_64-linux-gnu/libdl-2.27.so
7f1f9a990000-7f1f9a9ac000 r-xp 00000000 fc:01 2183                       /lib/x86_64-linux-gnu/libz.so.1.2.11
7f1f9a9ac000-7f1f9abab000 ---p 0001c000 fc:01 2183                       /lib/x86_64-linux-gnu/libz.so.1.2.11
7f1f9abab000-7f1f9abac000 r--p 0001b000 fc:01 2183                       /lib/x86_64-linux-gnu/libz.so.1.2.11
7f1f9abac000-7f1f9abad000 rw-p 0001c000 fc:01 2183                       /lib/x86_64-linux-gnu/libz.so.1.2.11
7f1f9abad000-7f1f9ad94000 r-xp 00000000 fc:01 2083                       /lib/x86_64-linux-gnu/libc-2.27.so
7f1f9ad94000-7f1f9af94000 ---p 001e7000 fc:01 2083                       /lib/x86_64-linux-gnu/libc-2.27.so
7f1f9af94000-7f1f9af98000 r--p 001e7000 fc:01 2083                       /lib/x86_64-linux-gnu/libc-2.27.so
7f1f9af98000-7f1f9af9a000 rw-p 001eb000 fc:01 2083                       /lib/x86_64-linux-gnu/libc-2.27.so
7f1f9af9a000-7f1f9af9e000 rw-p 00000000 00:00 0 
7f1f9af9e000-7f1f9afac000 r-xp 00000000 fc:01 272802                     /usr/lib/jvm/java-8-openjdk-amd64/jre/lib/amd64/jli/libjli.so
7f1f9afac000-7f1f9b1ab000 ---p 0000e000 fc:01 272802                     /usr/lib/jvm/java-8-openjdk-amd64/jre/lib/amd64/jli/libjli.so
7f1f9b1ab000-7f1f9b1ac000 r--p 0000d000 fc:01 272802                     /usr/lib/jvm/java-8-openjdk-amd64/jre/lib/amd64/jli/libjli.so
7f1f9b1ac000-7f1f9b1ad000 rw-p 0000e000 fc:01 272802                     /usr/lib/jvm/java-8-openjdk-amd64/jre/lib/amd64/jli/libjli.so
7f1f9b1ad000-7f1f9b1d4000 r-xp 00000000 fc:01 2079                       /lib/x86_64-linux-gnu/ld-2.27.so
7f1f9b2bf000-7f1f9b2c7000 rw-s 00000000 fc:01 273036                     /tmp/hsperfdata_yitteam/12053
7f1f9b2c7000-7f1f9b2c8000 ---p 00000000 00:00 0 
7f1f9b2c8000-7f1f9b2cb000 ---p 00000000 00:00 0 
7f1f9b2cb000-7f1f9b3ca000 rw-p 00000000 00:00 0 
7f1f9b3d0000-7f1f9b3d1000 rw-p 00000000 00:00 0 
7f1f9b3d1000-7f1f9b3d2000 r--p 00000000 00:00 0 
7f1f9b3d2000-7f1f9b3d4000 rw-p 00000000 00:00 0 
7f1f9b3d4000-7f1f9b3d5000 r--p 00027000 fc:01 2079                       /lib/x86_64-linux-gnu/ld-2.27.so
7f1f9b3d5000-7f1f9b3d6000 rw-p 00028000 fc:01 2079                       /lib/x86_64-linux-gnu/ld-2.27.so
7f1f9b3d6000-7f1f9b3d7000 rw-p 00000000 00:00 0 
7ffc50598000-7ffc505b9000 rw-p 00000000 00:00 0                          [stack]
7ffc505e3000-7ffc505e6000 r--p 00000000 00:00 0                          [vvar]
7ffc505e6000-7ffc505e8000 r-xp 00000000 00:00 0                          [vdso]
ffffffffff600000-ffffffffff601000 r-xp 00000000 00:00 0                  [vsyscall]

VM Arguments:
jvm_args: -Xms512M -Xmx1024M 
java_command: forge-1.12.2-14.23.5.2847-universal.jar nogui
java_class_path (initial): forge-1.12.2-14.23.5.2847-universal.jar
Launcher Type: SUN_STANDARD

Environment Variables:
PATH=/usr/local/sbin:/usr/local/bin:/usr/sbin:/usr/bin:/sbin:/bin:/usr/games:/usr/local/games:/snap/bin
SHELL=/bin/bash
DISPLAY=localhost:10.0

Signal Handlers:
SIGSEGV: [libjvm.so+0xab92f0], sa_mask[0]=11111111011111111101111111111110, sa_flags=SA_RESTART|SA_SIGINFO
SIGBUS: [libjvm.so+0xab92f0], sa_mask[0]=11111111011111111101111111111110, sa_flags=SA_RESTART|SA_SIGINFO
SIGFPE: [libjvm.so+0x8ee560], sa_mask[0]=11111111011111111101111111111110, sa_flags=SA_RESTART|SA_SIGINFO
SIGPIPE: [libjvm.so+0x8ee560], sa_mask[0]=11111111011111111101111111111110, sa_flags=SA_RESTART|SA_SIGINFO
SIGXFSZ: [libjvm.so+0x8ee560], sa_mask[0]=11111111011111111101111111111110, sa_flags=SA_RESTART|SA_SIGINFO
SIGILL: [libjvm.so+0x8ee560], sa_mask[0]=11111111011111111101111111111110, sa_flags=SA_RESTART|SA_SIGINFO
SIGUSR1: SIG_DFL, sa_mask[0]=00000000000000000000000000000000, sa_flags=none
SIGUSR2: [libjvm.so+0x8ee410], sa_mask[0]=00000000000000000000000000000000, sa_flags=SA_RESTART|SA_SIGINFO
SIGHUP: SIG_DFL, sa_mask[0]=00000000000000000000000000000000, sa_flags=none
SIGINT: SIG_DFL, sa_mask[0]=00000000000000000000000000000000, sa_flags=none
SIGTERM: SIG_DFL, sa_mask[0]=00000000000000000000000000000000, sa_flags=none
SIGQUIT: SIG_DFL, sa_mask[0]=00000000000000000000000000000000, sa_flags=none


---------------  S Y S T E M  ---------------

OS:DISTRIB_ID=Ubuntu
DISTRIB_RELEASE=18.04
DISTRIB_CODENAME=bionic
DISTRIB_DESCRIPTION="Ubuntu 18.04.3 LTS"

uname:Linux 4.15.0-66-generic #75-Ubuntu SMP Tue Oct 1 05:24:09 UTC 2019 x86_64
libc:glibc 2.27 NPTL 2.27 
rlimit: STACK 8192k, CORE 0k, NPROC 3842, NOFILE 1048576, AS infinity
load average:0.09 0.08 0.02

/proc/meminfo:
MemTotal:        1009172 kB
MemFree:           64004 kB
MemAvailable:     131772 kB
Buffers:            5160 kB
Cached:           179504 kB
SwapCached:            0 kB
Active:           728432 kB
Inactive:         137872 kB
Active(anon):     682032 kB
Inactive(anon):      292 kB
Active(file):      46400 kB
Inactive(file):   137580 kB
Unevictable:           0 kB
Mlocked:               0 kB
SwapTotal:             0 kB
SwapFree:              0 kB
Dirty:               152 kB
Writeback:             0 kB
AnonPages:        681724 kB
Mapped:            29676 kB
Shmem:               668 kB
Slab:              48648 kB
SReclaimable:      22896 kB
SUnreclaim:        25752 kB
KernelStack:        2460 kB
PageTables:        10312 kB
NFS_Unstable:          0 kB
Bounce:                0 kB
WritebackTmp:          0 kB
CommitLimit:      504584 kB
Committed_AS:    1139276 kB
VmallocTotal:   34359738367 kB
VmallocUsed:           0 kB
VmallocChunk:          0 kB
HardwareCorrupted:     0 kB
AnonHugePages:         0 kB
ShmemHugePages:        0 kB
ShmemPmdMapped:        0 kB
CmaTotal:              0 kB
CmaFree:               0 kB
HugePages_Total:       0
HugePages_Free:        0
HugePages_Rsvd:        0
HugePages_Surp:        0
Hugepagesize:       2048 kB
DirectMap4k:       71660 kB
DirectMap2M:      976896 kB
DirectMap1G:           0 kB

container (cgroup) information:
container_type: cgroupv1
cpu_cpuset_cpus: 0
cpu_memory_nodes: 0
active_processor_count: 1
cpu_quota: -1
cpu_period: 100000
cpu_shares: -1
memory_limit_in_bytes: -1
memory_and_swap_limit_in_bytes: -2
memory_soft_limit_in_bytes: -1
memory_usage_in_bytes: 850485248
memory_max_usage_in_bytes: 857231360


CPU:total 1 (initial active 1) (1 cores per cpu, 1 threads per core) family 6 model 85 stepping 4, cmov, cx8, fxsr, mmx, sse, sse2, sse3, ssse3, sse4.1, sse4.2, popcnt, avx, avx2, aes, clmul, erms, rtm, 3dnowpref, lzcnt, tsc, bmi1, bmi2, adx

/proc/cpuinfo:
processor	: 0
vendor_id	: GenuineIntel
cpu family	: 6
model		: 85
model name	: Intel(R) Xeon(R) Gold 6140 CPU @ 2.30GHz
stepping	: 4
microcode	: 0x1
cpu MHz		: 2294.560
cache size	: 25344 KB
physical id	: 0
siblings	: 1
core id		: 0
cpu cores	: 1
apicid		: 0
initial apicid	: 0
fpu		: yes
fpu_exception	: yes
cpuid level	: 13
wp		: yes
flags		: fpu vme de pse tsc msr pae mce cx8 apic sep mtrr pge mca cmov pat pse36 clflush mmx fxsr sse sse2 ss syscall nx pdpe1gb rdtscp lm constant_tsc arch_perfmon rep_good nopl cpuid tsc_known_freq pni pclmulqdq vmx ssse3 fma cx16 pcid sse4_1 sse4_2 x2apic movbe popcnt tsc_deadline_timer aes xsave avx f16c rdrand hypervisor lahf_lm abm 3dnowprefetch cpuid_fault invpcid_single pti ssbd ibrs ibpb tpr_shadow vnmi flexpriority ept vpid fsgsbase tsc_adjust bmi1 hle avx2 smep bmi2 erms invpcid rtm mpx avx512f avx512dq rdseed adx smap clflushopt clwb avx512cd avx512bw avx512vl xsaveopt xsavec xgetbv1 xsaves pku ospke md_clear
bugs		: cpu_meltdown spectre_v1 spectre_v2 spec_store_bypass l1tf mds swapgs
bogomips	: 4589.12
clflush size	: 64
cache_alignment	: 64
address sizes	: 40 bits physical, 48 bits virtual
power management:



Memory: 4k page, physical 1009172k(64004k free), swap 0k(0k free)

vm_info: OpenJDK 64-Bit Server VM (25.222-b10) for linux-amd64 JRE (1.8.0_222-8u222-b10-1ubuntu1~18.04.1-b10), built on Jul 18 2019 18:52:48 by "buildd" with gcc 7.4.0

time: Tue Nov 12 05:58:00 2019
timezone: UTC
elapsed time: 0 seconds (0d 0h 0m 0s)

